<?xml version="1.0" encoding="UTF-8"?>
<!-- Generated by org.testng.reporters.JUnitReportReporter -->
<testsuite skipped="0" hostname="VASITQA0001" name="com.GEC.Excelutility.Test_1" tests="1" failures="0" timestamp="08 Apr 2020 06:12:07 GMT" time="9.363" errors="0">
  <testcase name="testKeys_Chord" time="9.363" classname="com.GEC.Excelutility.Test_1"/>
</testsuite> <!-- com.GEC.Excelutility.Test_1 -->
